n:\desktop\grin\game60tp\x64\debug\vc143.pdb
n:\desktop\grin\game60tp\x64\debug\vc143.idb
n:\desktop\grin\game60tp\x64\debug\spike.obj
n:\desktop\grin\game60tp\x64\debug\speeditem.obj
n:\desktop\grin\game60tp\x64\debug\platform.obj
n:\desktop\grin\game60tp\x64\debug\pickableitem.obj
n:\desktop\grin\game60tp\x64\debug\menuscene.obj
n:\desktop\grin\game60tp\x64\debug\map.obj
n:\desktop\grin\game60tp\x64\debug\gem.obj
n:\desktop\grin\game60tp\x64\debug\gamescene.obj
n:\desktop\grin\game60tp\x64\debug\gamearchive.obj
n:\desktop\grin\game60tp\x64\debug\enemy.obj
n:\desktop\grin\game60tp\x64\debug\doublejump.obj
n:\desktop\grin\game60tp\x64\debug\dataplayer.obj
n:\desktop\grin\game60tp\x64\debug\player.obj
n:\desktop\grin\game60tp\x64\debug\main.obj
n:\desktop\grin\x64\debug\game60tp.exe
n:\desktop\grin\x64\debug\game60tp.pdb
n:\desktop\grin\game60tp\x64\debug\game60tp.ilk
n:\desktop\grin\game60tp\x64\debug\game60tp.tlog\cl.command.1.tlog
n:\desktop\grin\game60tp\x64\debug\game60tp.tlog\cl.items.tlog
n:\desktop\grin\game60tp\x64\debug\game60tp.tlog\cl.read.1.tlog
n:\desktop\grin\game60tp\x64\debug\game60tp.tlog\cl.write.1.tlog
n:\desktop\grin\game60tp\x64\debug\game60tp.tlog\link.command.1.tlog
n:\desktop\grin\game60tp\x64\debug\game60tp.tlog\link.read.1.tlog
n:\desktop\grin\game60tp\x64\debug\game60tp.tlog\link.secondary.1.tlog
n:\desktop\grin\game60tp\x64\debug\game60tp.tlog\link.write.1.tlog
